INFO 2023-08-03 10:48:36,898 Watching for file changes with StatReloader
INFO 2023-08-03 10:51:04,305 C:\Users\manch\Programming\rcore-be\core_api\views.py changed, reloading.
INFO 2023-08-03 10:51:05,330 Watching for file changes with StatReloader
INFO 2023-08-03 10:53:43,150 Watching for file changes with StatReloader
INFO 2023-08-03 10:59:42,262 "GET /api/v1/version/ HTTP/1.1" 200 5
INFO 2023-08-03 11:01:57,998 "GET /api/v1/version/ HTTP/1.1" 200 5
INFO 2023-08-03 11:19:22,831 "GET /api/v1/version/ HTTP/1.1" 200 5
INFO 2023-08-03 11:26:03,677 "GET /api/v1/version/ HTTP/1.1" 200 5
INFO 2023-08-03 11:26:05,095 "GET /api/v1/version/ HTTP/1.1" 200 5
INFO 2023-08-03 11:46:50,524 "GET /admin/core_backend/user/108/change/ HTTP/1.1" 200 58345
INFO 2023-08-03 11:46:50,694 "GET /admin/jsi18n/ HTTP/1.1" 200 3343
INFO 2023-08-03 11:55:27,664 "GET /api/v1/version/ HTTP/1.1" 200 5
INFO 2023-08-03 11:55:29,587 "GET /api/v1/version/ HTTP/1.1" 200 5
INFO 2023-08-03 11:55:31,595 "POST /api/v1/token/refresh/ HTTP/1.1" 200 865
INFO 2023-08-03 11:55:31,645 "OPTIONS /api/v1/events/interpretation/?start_at__gte=2023-08-03T15%3A55%3A31.294Z&end_at__lte=2023-08-03T15%3A55%3A31.294Z&_include_booking=true HTTP/1.1" 200 0
INFO 2023-08-03 11:55:31,766 "GET /api/v1/events/interpretation/?start_at__gte=2023-08-03T15%3A55%3A31.294Z&end_at__lte=2023-08-03T15%3A55%3A31.294Z&_include_booking=true HTTP/1.1" 200 2
INFO 2023-08-03 11:55:32,565 "GET /api/v1/events/interpretation/?start_at__gte=2023-07-30T00%3A00%3A00-04%3A00&end_at__lte=2023-08-06T00%3A00%3A00-04%3A00&_include_booking=true HTTP/1.1" 200 45119
INFO 2023-08-03 11:55:32,879 "GET /api/v1/users/1/ HTTP/1.1" 200 385
INFO 2023-08-03 11:55:32,944 "GET /api/v1/companies/?type=clinic HTTP/1.1" 200 2746
INFO 2023-08-03 11:55:32,992 "GET /api/v1/operators/ HTTP/1.1" 200 1602
INFO 2023-08-03 11:55:33,038 "GET /api/v1/affiliations/?company__isnull=true HTTP/1.1" 200 4943
INFO 2023-08-03 11:55:33,133 "GET /api/v1/companies/?type=insurance&_include_roles=true HTTP/1.1" 200 2499
INFO 2023-08-03 11:55:33,137 "GET /api/v1/service_roots/ HTTP/1.1" 200 6070
INFO 2023-08-03 11:55:33,848 "GET /api/v1/events/interpretation/?payer_company_type=insurance&_include_booking=true HTTP/1.1" 200 78145
INFO 2023-08-03 11:57:15,266 "POST /api/v1/token/refresh/ HTTP/1.1" 200 865
INFO 2023-08-03 11:57:16,193 "GET /api/v1/companies/?type=clinic HTTP/1.1" 200 2746
INFO 2023-08-03 11:57:16,208 "GET /api/v1/operators/ HTTP/1.1" 200 1602
INFO 2023-08-03 11:57:16,276 "GET /api/v1/affiliations/?company__isnull=true HTTP/1.1" 200 4943
INFO 2023-08-03 11:57:16,365 "GET /api/v1/service_roots/ HTTP/1.1" 200 6070
INFO 2023-08-03 11:57:16,389 "GET /api/v1/users/1/ HTTP/1.1" 200 385
INFO 2023-08-03 11:57:16,389 "GET /api/v1/companies/?type=insurance&_include_roles=true HTTP/1.1" 200 2499
INFO 2023-08-03 11:57:17,486 "GET /api/v1/events/interpretation/?payer_company_type=insurance&_include_booking=true HTTP/1.1" 200 78145
INFO 2023-08-03 11:57:20,303 "OPTIONS /api/v1/events/interpretation/?start_at__gte=2023-08-03T15%3A57%3A20.152Z&end_at__lte=2023-08-03T15%3A57%3A20.152Z&_include_booking=true HTTP/1.1" 200 0
INFO 2023-08-03 11:57:20,446 "GET /api/v1/events/interpretation/?start_at__gte=2023-08-03T15%3A57%3A20.152Z&end_at__lte=2023-08-03T15%3A57%3A20.152Z&_include_booking=true HTTP/1.1" 200 2
INFO 2023-08-03 11:57:20,455 "GET /api/v1/users/1/ HTTP/1.1" 200 385
INFO 2023-08-03 11:57:21,323 "GET /api/v1/events/interpretation/?start_at__gte=2023-07-30T00%3A00%3A00-04%3A00&end_at__lte=2023-08-06T00%3A00%3A00-04%3A00&_include_booking=true HTTP/1.1" 200 45119
INFO 2023-08-03 11:57:23,109 "GET /api/v1/users/1/ HTTP/1.1" 200 385
INFO 2023-08-03 11:57:23,714 "GET /api/v1/events/interpretation/?start_at__gte=2023-07-30T00%3A00%3A00-04%3A00&end_at__lte=2023-08-06T00%3A00%3A00-04%3A00&_include_booking=true HTTP/1.1" 200 45119
INFO 2023-08-03 11:57:25,281 "GET /api/v1/version/ HTTP/1.1" 200 5
INFO 2023-08-03 11:57:26,333 "OPTIONS /api/v1/events/interpretation/?start_at__gte=2023-08-03T15%3A57%3A26.224Z&end_at__lte=2023-08-03T15%3A57%3A26.224Z&_include_booking=true HTTP/1.1" 200 0
INFO 2023-08-03 11:57:26,479 "GET /api/v1/events/interpretation/?start_at__gte=2023-08-03T15%3A57%3A26.224Z&end_at__lte=2023-08-03T15%3A57%3A26.224Z&_include_booking=true HTTP/1.1" 200 2
INFO 2023-08-03 11:57:27,212 "GET /api/v1/users/1/ HTTP/1.1" 200 385
INFO 2023-08-03 11:57:27,402 "GET /api/v1/companies/?type=clinic HTTP/1.1" 200 2746
INFO 2023-08-03 11:57:27,586 "GET /api/v1/operators/ HTTP/1.1" 200 1602
INFO 2023-08-03 11:57:27,677 "GET /api/v1/affiliations/?company__isnull=true HTTP/1.1" 200 4943
INFO 2023-08-03 11:57:27,784 "GET /api/v1/companies/?type=insurance&_include_roles=true HTTP/1.1" 200 2499
INFO 2023-08-03 11:57:27,886 "GET /api/v1/service_roots/ HTTP/1.1" 200 6070
INFO 2023-08-03 11:57:28,146 "GET /api/v1/events/interpretation/?start_at__gte=2023-07-30T00%3A00%3A00-04%3A00&end_at__lte=2023-08-06T00%3A00%3A00-04%3A00&_include_booking=true HTTP/1.1" 200 45119
INFO 2023-08-03 11:57:29,115 "GET /api/v1/events/interpretation/?payer_company_type=insurance&_include_booking=true HTTP/1.1" 200 78145
INFO 2023-08-03 11:58:07,385 "GET /api/v1/users/1/ HTTP/1.1" 200 385
INFO 2023-08-03 11:58:07,465 "GET /api/v1/companies/?type=clinic HTTP/1.1" 200 2746
INFO 2023-08-03 11:58:07,524 "GET /api/v1/service_roots/ HTTP/1.1" 200 6070
INFO 2023-08-03 11:58:07,554 "GET /api/v1/affiliations/?company__isnull=true HTTP/1.1" 200 4943
INFO 2023-08-03 11:58:07,816 "GET /api/v1/operators/ HTTP/1.1" 200 1602
INFO 2023-08-03 11:58:07,816 "GET /api/v1/companies/?type=insurance&_include_roles=true HTTP/1.1" 200 2499
INFO 2023-08-03 11:58:08,899 "GET /api/v1/events/interpretation/?payer_company_type=insurance&_include_booking=true HTTP/1.1" 200 78145
INFO 2023-08-03 12:00:19,426 "POST /api/v1/token/refresh/ HTTP/1.1" 200 865
INFO 2023-08-03 12:00:20,141 "GET /api/v1/companies/?type=clinic HTTP/1.1" 200 2746
INFO 2023-08-03 12:00:20,156 "GET /api/v1/operators/ HTTP/1.1" 200 1602
INFO 2023-08-03 12:00:20,222 "GET /api/v1/service_roots/ HTTP/1.1" 200 6070
INFO 2023-08-03 12:00:20,305 "GET /api/v1/affiliations/?company__isnull=true HTTP/1.1" 200 4943
INFO 2023-08-03 12:00:20,312 "GET /api/v1/users/1/ HTTP/1.1" 200 385
INFO 2023-08-03 12:00:20,346 "GET /api/v1/companies/?type=insurance&_include_roles=true HTTP/1.1" 200 2499
INFO 2023-08-03 12:00:21,465 "GET /api/v1/events/interpretation/?payer_company_type=insurance&_include_booking=true HTTP/1.1" 200 78145
INFO 2023-08-03 12:06:15,107 "POST /api/v1/token/refresh/ HTTP/1.1" 200 865
INFO 2023-08-03 12:06:16,685 "GET /api/v1/companies/?type=clinic HTTP/1.1" 200 2746
INFO 2023-08-03 12:06:16,746 "GET /api/v1/operators/ HTTP/1.1" 200 1602
INFO 2023-08-03 12:06:16,867 "GET /api/v1/service_roots/ HTTP/1.1" 200 6070
INFO 2023-08-03 12:06:16,883 "GET /api/v1/affiliations/?company__isnull=true HTTP/1.1" 200 4943
INFO 2023-08-03 12:06:16,885 "GET /api/v1/users/1/ HTTP/1.1" 200 385
INFO 2023-08-03 12:06:16,930 "GET /api/v1/companies/?type=insurance&_include_roles=true HTTP/1.1" 200 2499
INFO 2023-08-03 12:06:18,391 "GET /api/v1/events/interpretation/?payer_company_type=insurance&_include_booking=true HTTP/1.1" 200 78145
INFO 2023-08-03 12:09:28,597 "POST /api/v1/token/refresh/ HTTP/1.1" 200 865
INFO 2023-08-03 12:09:29,863 "GET /api/v1/companies/?type=clinic HTTP/1.1" 200 2746
INFO 2023-08-03 12:09:29,890 "GET /api/v1/operators/ HTTP/1.1" 200 1602
INFO 2023-08-03 12:09:29,943 "GET /api/v1/affiliations/?company__isnull=true HTTP/1.1" 200 4943
INFO 2023-08-03 12:09:30,009 "GET /api/v1/service_roots/ HTTP/1.1" 200 6070
INFO 2023-08-03 12:09:30,054 "GET /api/v1/companies/?type=insurance&_include_roles=true HTTP/1.1" 200 2499
INFO 2023-08-03 12:09:30,078 "GET /api/v1/users/1/ HTTP/1.1" 200 385
INFO 2023-08-03 12:09:31,366 "GET /api/v1/events/interpretation/?payer_company_type=insurance&_include_booking=true HTTP/1.1" 200 78145
INFO 2023-08-03 12:12:30,353 "POST /api/v1/token/refresh/ HTTP/1.1" 200 865
INFO 2023-08-03 12:12:31,330 "GET /api/v1/companies/?type=clinic HTTP/1.1" 200 2746
INFO 2023-08-03 12:12:31,448 "GET /api/v1/operators/ HTTP/1.1" 200 1602
INFO 2023-08-03 12:12:31,564 "GET /api/v1/users/1/ HTTP/1.1" 200 385
INFO 2023-08-03 12:12:31,567 "GET /api/v1/service_roots/ HTTP/1.1" 200 6070
INFO 2023-08-03 12:12:31,592 "GET /api/v1/affiliations/?company__isnull=true HTTP/1.1" 200 4943
INFO 2023-08-03 12:12:31,613 "GET /api/v1/companies/?type=insurance&_include_roles=true HTTP/1.1" 200 2499
INFO 2023-08-03 12:12:32,753 "GET /api/v1/events/interpretation/?payer_company_type=insurance&_include_booking=true HTTP/1.1" 200 78145
INFO 2023-08-03 12:12:35,551 "GET /api/v1/users/1/ HTTP/1.1" 200 385
INFO 2023-08-03 12:12:35,732 "GET /api/v1/operators/ HTTP/1.1" 200 1602
INFO 2023-08-03 12:12:35,744 "GET /api/v1/companies/?type=clinic HTTP/1.1" 200 2746
INFO 2023-08-03 12:12:35,812 "GET /api/v1/affiliations/?company__isnull=true HTTP/1.1" 200 4943
INFO 2023-08-03 12:12:35,875 "GET /api/v1/companies/?type=insurance&_include_roles=true HTTP/1.1" 200 2499
INFO 2023-08-03 12:12:36,128 "GET /api/v1/service_roots/ HTTP/1.1" 200 6070
INFO 2023-08-03 12:12:37,392 "GET /api/v1/events/interpretation/?payer_company_type=insurance&_include_booking=true HTTP/1.1" 200 78145
INFO 2023-08-03 12:12:42,382 "GET /api/v1/users/1/ HTTP/1.1" 200 385
INFO 2023-08-03 12:12:42,513 "GET /api/v1/companies/?type=clinic HTTP/1.1" 200 2746
INFO 2023-08-03 12:12:42,713 "GET /api/v1/service_roots/ HTTP/1.1" 200 6070
INFO 2023-08-03 12:12:42,725 "GET /api/v1/operators/ HTTP/1.1" 200 1602
INFO 2023-08-03 12:12:42,733 "GET /api/v1/affiliations/?company__isnull=true HTTP/1.1" 200 4943
INFO 2023-08-03 12:12:42,780 "GET /api/v1/companies/?type=insurance&_include_roles=true HTTP/1.1" 200 2499
INFO 2023-08-03 12:12:43,846 "GET /api/v1/events/interpretation/?payer_company_type=insurance&_include_booking=true HTTP/1.1" 200 78145
INFO 2023-08-03 12:12:44,787 "GET /api/v1/users/1/ HTTP/1.1" 200 385
INFO 2023-08-03 12:12:44,865 "GET /api/v1/companies/?type=clinic HTTP/1.1" 200 2746
INFO 2023-08-03 12:12:44,984 "GET /api/v1/service_roots/ HTTP/1.1" 200 6070
INFO 2023-08-03 12:12:45,041 "GET /api/v1/affiliations/?company__isnull=true HTTP/1.1" 200 4943
INFO 2023-08-03 12:12:45,041 "GET /api/v1/operators/ HTTP/1.1" 200 1602
INFO 2023-08-03 12:12:45,096 "GET /api/v1/companies/?type=insurance&_include_roles=true HTTP/1.1" 200 2499
INFO 2023-08-03 12:12:46,036 "GET /api/v1/events/interpretation/?payer_company_type=insurance&_include_booking=true HTTP/1.1" 200 78145
INFO 2023-08-03 12:12:52,583 "GET /api/v1/users/1/ HTTP/1.1" 200 385
INFO 2023-08-03 12:12:52,680 "GET /api/v1/companies/?type=clinic HTTP/1.1" 200 2746
INFO 2023-08-03 12:12:52,729 "GET /api/v1/operators/ HTTP/1.1" 200 1602
INFO 2023-08-03 12:12:52,797 "GET /api/v1/affiliations/?company__isnull=true HTTP/1.1" 200 4943
INFO 2023-08-03 12:12:52,855 "GET /api/v1/companies/?type=insurance&_include_roles=true HTTP/1.1" 200 2499
INFO 2023-08-03 12:12:53,009 "GET /api/v1/service_roots/ HTTP/1.1" 200 6070
INFO 2023-08-03 12:12:54,141 "GET /api/v1/events/interpretation/?payer_company_type=insurance&_include_booking=true HTTP/1.1" 200 78145
INFO 2023-08-03 12:13:02,041 "GET /api/v1/companies/?type=clinic HTTP/1.1" 200 2746
INFO 2023-08-03 12:13:02,044 "GET /api/v1/users/1/ HTTP/1.1" 200 385
INFO 2023-08-03 12:13:02,218 "GET /api/v1/service_roots/ HTTP/1.1" 200 6070
INFO 2023-08-03 12:13:02,250 "GET /api/v1/affiliations/?company__isnull=true HTTP/1.1" 200 4943
INFO 2023-08-03 12:13:02,300 "GET /api/v1/operators/ HTTP/1.1" 200 1602
INFO 2023-08-03 12:13:02,312 "GET /api/v1/companies/?type=insurance&_include_roles=true HTTP/1.1" 200 2499
INFO 2023-08-03 12:13:03,470 "GET /api/v1/events/interpretation/?payer_company_type=insurance&_include_booking=true HTTP/1.1" 200 78145
INFO 2023-08-03 12:13:07,264 "GET /api/v1/users/1/ HTTP/1.1" 200 385
INFO 2023-08-03 12:13:07,297 "GET /api/v1/companies/?type=clinic HTTP/1.1" 200 2746
INFO 2023-08-03 12:13:07,439 "GET /api/v1/service_roots/ HTTP/1.1" 200 6070
INFO 2023-08-03 12:13:07,469 "GET /api/v1/affiliations/?company__isnull=true HTTP/1.1" 200 4943
INFO 2023-08-03 12:13:07,546 "GET /api/v1/operators/ HTTP/1.1" 200 1602
INFO 2023-08-03 12:13:07,546 "GET /api/v1/companies/?type=insurance&_include_roles=true HTTP/1.1" 200 2499
INFO 2023-08-03 12:13:08,213 "GET /api/v1/users/1/ HTTP/1.1" 200 385
INFO 2023-08-03 12:13:08,313 "GET /api/v1/companies/?type=clinic HTTP/1.1" 200 2746
INFO 2023-08-03 12:13:08,432 "GET /api/v1/service_roots/ HTTP/1.1" 200 6070
INFO 2023-08-03 12:13:08,441 "GET /api/v1/operators/ HTTP/1.1" 200 1602
INFO 2023-08-03 12:13:08,441 "GET /api/v1/affiliations/?company__isnull=true HTTP/1.1" 200 4943
INFO 2023-08-03 12:13:08,481 "GET /api/v1/companies/?type=insurance&_include_roles=true HTTP/1.1" 200 2499
INFO 2023-08-03 12:13:09,205 "GET /api/v1/events/interpretation/?payer_company_type=insurance&_include_booking=true HTTP/1.1" 200 78145
INFO 2023-08-03 12:13:42,084 "POST /api/v1/token/refresh/ HTTP/1.1" 200 865
INFO 2023-08-03 12:13:42,725 "GET /api/v1/companies/?type=clinic HTTP/1.1" 200 2746
INFO 2023-08-03 12:13:42,749 "GET /api/v1/operators/ HTTP/1.1" 200 1602
INFO 2023-08-03 12:13:42,822 "GET /api/v1/service_roots/ HTTP/1.1" 200 6070
INFO 2023-08-03 12:13:42,849 "GET /api/v1/affiliations/?company__isnull=true HTTP/1.1" 200 4943
INFO 2023-08-03 12:13:42,874 "GET /api/v1/users/1/ HTTP/1.1" 200 385
INFO 2023-08-03 12:13:42,894 "GET /api/v1/companies/?type=insurance&_include_roles=true HTTP/1.1" 200 2499
INFO 2023-08-03 12:13:43,617 "GET /api/v1/events/interpretation/?payer_company_type=insurance&_include_booking=true HTTP/1.1" 200 78145
INFO 2023-08-03 12:16:19,791 "POST /api/v1/token/refresh/ HTTP/1.1" 200 865
INFO 2023-08-03 12:16:20,339 "GET /api/v1/users/1/ HTTP/1.1" 200 385
INFO 2023-08-03 12:16:20,358 "GET /api/v1/companies/?type=clinic HTTP/1.1" 200 2746
INFO 2023-08-03 12:16:20,397 "GET /api/v1/operators/ HTTP/1.1" 200 1602
INFO 2023-08-03 12:16:20,479 "GET /api/v1/affiliations/?company__isnull=true HTTP/1.1" 200 4943
INFO 2023-08-03 12:16:20,531 "GET /api/v1/companies/?type=insurance&_include_roles=true HTTP/1.1" 200 2499
INFO 2023-08-03 12:16:20,613 "GET /api/v1/service_roots/ HTTP/1.1" 200 6070
INFO 2023-08-03 12:16:21,582 "GET /api/v1/events/interpretation/?payer_company_type=insurance&_include_booking=true HTTP/1.1" 200 78145
INFO 2023-08-03 12:20:00,689 "GET /admin/core_backend/user/108/change/ HTTP/1.1" 200 58345
INFO 2023-08-03 12:20:00,852 "GET /admin/jsi18n/ HTTP/1.1" 200 3343
INFO 2023-08-03 12:28:54,408 "OPTIONS /api/v1/token/refresh/ HTTP/1.1" 200 0
INFO 2023-08-03 12:28:54,673 "POST /api/v1/token/refresh/ HTTP/1.1" 200 865
INFO 2023-08-03 12:28:54,966 "OPTIONS /api/v1/affiliations/?company__isnull=true HTTP/1.1" 200 0
INFO 2023-08-03 12:28:54,970 "OPTIONS /api/v1/companies/?type=insurance&_include_roles=true HTTP/1.1" 200 0
INFO 2023-08-03 12:28:54,971 "OPTIONS /api/v1/companies/?type=clinic HTTP/1.1" 200 0
INFO 2023-08-03 12:28:54,985 "OPTIONS /api/v1/events/interpretation/?payer_company_type=insurance&_include_booking=true HTTP/1.1" 200 0
INFO 2023-08-03 12:28:54,999 "OPTIONS /api/v1/operators/ HTTP/1.1" 200 0
INFO 2023-08-03 12:28:55,011 "OPTIONS /api/v1/users/1/ HTTP/1.1" 200 0
INFO 2023-08-03 12:28:55,012 "OPTIONS /api/v1/service_roots/ HTTP/1.1" 200 0
INFO 2023-08-03 12:28:55,636 "GET /api/v1/users/1/ HTTP/1.1" 200 385
INFO 2023-08-03 12:28:55,649 "GET /api/v1/companies/?type=clinic HTTP/1.1" 200 2746
INFO 2023-08-03 12:28:55,659 "GET /api/v1/operators/ HTTP/1.1" 200 1602
INFO 2023-08-03 12:28:55,706 "GET /api/v1/affiliations/?company__isnull=true HTTP/1.1" 200 4943
INFO 2023-08-03 12:28:55,769 "GET /api/v1/companies/?type=insurance&_include_roles=true HTTP/1.1" 200 2499
INFO 2023-08-03 12:28:55,834 "GET /api/v1/service_roots/ HTTP/1.1" 200 6070
INFO 2023-08-03 12:28:56,650 "GET /api/v1/events/interpretation/?payer_company_type=insurance&_include_booking=true HTTP/1.1" 200 78145
INFO 2023-08-03 12:28:58,884 "GET /api/v1/users/1/ HTTP/1.1" 200 385
INFO 2023-08-03 12:28:58,916 "GET /api/v1/companies/?type=clinic HTTP/1.1" 200 2746
INFO 2023-08-03 12:28:58,942 "GET /api/v1/operators/ HTTP/1.1" 200 1602
INFO 2023-08-03 12:28:59,007 "GET /api/v1/affiliations/?company__isnull=true HTTP/1.1" 200 4943
INFO 2023-08-03 12:28:59,092 "GET /api/v1/companies/?type=insurance&_include_roles=true HTTP/1.1" 200 2499
INFO 2023-08-03 12:28:59,158 "GET /api/v1/service_roots/ HTTP/1.1" 200 6070
INFO 2023-08-03 12:29:00,144 "GET /api/v1/events/interpretation/?payer_company_type=insurance&_include_booking=true HTTP/1.1" 200 78145
INFO 2023-08-03 12:29:01,834 "GET /api/v1/users/1/ HTTP/1.1" 200 385
INFO 2023-08-03 12:29:01,947 "GET /api/v1/companies/?type=clinic HTTP/1.1" 200 2746
INFO 2023-08-03 12:29:02,031 "GET /api/v1/operators/ HTTP/1.1" 200 1602
INFO 2023-08-03 12:29:02,069 "GET /api/v1/service_roots/ HTTP/1.1" 200 6070
INFO 2023-08-03 12:29:02,069 "GET /api/v1/affiliations/?company__isnull=true HTTP/1.1" 200 4943
INFO 2023-08-03 12:29:02,110 "GET /api/v1/companies/?type=insurance&_include_roles=true HTTP/1.1" 200 2499
INFO 2023-08-03 12:29:02,839 "GET /api/v1/events/interpretation/?payer_company_type=insurance&_include_booking=true HTTP/1.1" 200 78145
INFO 2023-08-03 12:29:17,303 "GET /api/v1/users/1/ HTTP/1.1" 200 385
INFO 2023-08-03 12:29:17,386 "GET /api/v1/companies/?type=clinic HTTP/1.1" 200 2746
INFO 2023-08-03 12:29:17,468 "GET /api/v1/service_roots/ HTTP/1.1" 200 6070
INFO 2023-08-03 12:29:17,479 "GET /api/v1/affiliations/?company__isnull=true HTTP/1.1" 200 4943
INFO 2023-08-03 12:29:17,497 "GET /api/v1/operators/ HTTP/1.1" 200 1602
INFO 2023-08-03 12:29:17,531 "GET /api/v1/companies/?type=insurance&_include_roles=true HTTP/1.1" 200 2499
INFO 2023-08-03 12:29:18,360 "GET /api/v1/events/interpretation/?payer_company_type=insurance&_include_booking=true HTTP/1.1" 200 78145
INFO 2023-08-03 12:29:34,225 "GET /api/v1/users/1/ HTTP/1.1" 200 385
INFO 2023-08-03 12:29:34,248 "GET /api/v1/companies/?type=clinic HTTP/1.1" 200 2746
INFO 2023-08-03 12:29:34,487 "GET /api/v1/service_roots/ HTTP/1.1" 200 6070
INFO 2023-08-03 12:29:34,666 "GET /api/v1/affiliations/?company__isnull=true HTTP/1.1" 200 4943
INFO 2023-08-03 12:29:34,757 "GET /api/v1/operators/ HTTP/1.1" 200 1602
INFO 2023-08-03 12:29:34,848 "GET /api/v1/companies/?type=insurance&_include_roles=true HTTP/1.1" 200 2499
INFO 2023-08-03 12:29:36,274 "GET /api/v1/events/interpretation/?payer_company_type=insurance&_include_booking=true HTTP/1.1" 200 78145
INFO 2023-08-03 12:29:38,841 "GET /api/v1/users/1/ HTTP/1.1" 200 385
INFO 2023-08-03 12:29:38,939 "GET /api/v1/companies/?type=clinic HTTP/1.1" 200 2746
INFO 2023-08-03 12:29:39,060 "GET /api/v1/service_roots/ HTTP/1.1" 200 6070
INFO 2023-08-03 12:29:39,060 "GET /api/v1/affiliations/?company__isnull=true HTTP/1.1" 200 4943
INFO 2023-08-03 12:29:39,061 "GET /api/v1/operators/ HTTP/1.1" 200 1602
INFO 2023-08-03 12:29:39,135 "GET /api/v1/companies/?type=insurance&_include_roles=true HTTP/1.1" 200 2499
INFO 2023-08-03 12:29:40,260 - Broken pipe from ('127.0.0.1', 61599)
INFO 2023-08-03 12:29:42,040 "GET /api/v1/users/1/ HTTP/1.1" 200 385
INFO 2023-08-03 12:29:42,215 "GET /api/v1/companies/?type=clinic HTTP/1.1" 200 2746
INFO 2023-08-03 12:29:42,215 "GET /api/v1/operators/ HTTP/1.1" 200 1602
INFO 2023-08-03 12:29:42,276 "GET /api/v1/affiliations/?company__isnull=true HTTP/1.1" 200 4943
INFO 2023-08-03 12:29:42,393 "GET /api/v1/companies/?type=insurance&_include_roles=true HTTP/1.1" 200 2499
INFO 2023-08-03 12:29:42,507 "GET /api/v1/service_roots/ HTTP/1.1" 200 6070
INFO 2023-08-03 12:29:42,952 "GET /api/v1/users/1/ HTTP/1.1" 200 385
INFO 2023-08-03 12:29:43,589 "GET /api/v1/events/interpretation/?payer_company_type=insurance&_include_booking=true HTTP/1.1" 200 78145
INFO 2023-08-03 12:29:46,273 "GET /api/v1/users/1/ HTTP/1.1" 200 385
INFO 2023-08-03 12:29:46,294 "GET /api/v1/companies/?type=clinic HTTP/1.1" 200 2746
INFO 2023-08-03 12:29:46,368 "GET /api/v1/operators/ HTTP/1.1" 200 1602
INFO 2023-08-03 12:29:46,426 "GET /api/v1/affiliations/?company__isnull=true HTTP/1.1" 200 4943
INFO 2023-08-03 12:29:46,511 "GET /api/v1/companies/?type=insurance&_include_roles=true HTTP/1.1" 200 2499
INFO 2023-08-03 12:29:46,582 "GET /api/v1/service_roots/ HTTP/1.1" 200 6070
INFO 2023-08-03 12:29:47,545 "GET /api/v1/events/interpretation/?payer_company_type=insurance&_include_booking=true HTTP/1.1" 200 78145
INFO 2023-08-03 12:29:48,767 "GET /api/v1/companies/?type=clinic HTTP/1.1" 200 2746
INFO 2023-08-03 12:29:48,808 "GET /api/v1/users/1/ HTTP/1.1" 200 385
INFO 2023-08-03 12:29:48,868 "GET /api/v1/service_roots/ HTTP/1.1" 200 6070
INFO 2023-08-03 12:29:48,880 "GET /api/v1/affiliations/?company__isnull=true HTTP/1.1" 200 4943
INFO 2023-08-03 12:29:48,968 "GET /api/v1/operators/ HTTP/1.1" 200 1602
INFO 2023-08-03 12:29:48,969 "GET /api/v1/companies/?type=insurance&_include_roles=true HTTP/1.1" 200 2499
INFO 2023-08-03 12:29:49,870 "GET /api/v1/events/interpretation/?payer_company_type=insurance&_include_booking=true HTTP/1.1" 200 78145
INFO 2023-08-03 12:29:58,146 "POST /api/v1/token/refresh/ HTTP/1.1" 200 865
INFO 2023-08-03 12:29:58,683 "GET /api/v1/companies/?type=clinic HTTP/1.1" 200 2746
INFO 2023-08-03 12:29:58,776 "GET /api/v1/affiliations/?company__isnull=true HTTP/1.1" 200 4943
INFO 2023-08-03 12:29:58,931 "GET /api/v1/users/1/ HTTP/1.1" 200 385
INFO 2023-08-03 12:29:58,940 "GET /api/v1/operators/ HTTP/1.1" 200 1602
INFO 2023-08-03 12:29:58,976 "GET /api/v1/service_roots/ HTTP/1.1" 200 6070
INFO 2023-08-03 12:29:59,004 "GET /api/v1/companies/?type=insurance&_include_roles=true HTTP/1.1" 200 2499
INFO 2023-08-03 12:30:00,523 "GET /api/v1/events/interpretation/?payer_company_type=insurance&_include_booking=true HTTP/1.1" 200 78145
INFO 2023-08-03 12:37:25,756 "GET /admin/core_backend/user/108/change/ HTTP/1.1" 200 58345
INFO 2023-08-03 12:37:25,909 "GET /admin/jsi18n/ HTTP/1.1" 200 3343
INFO 2023-08-03 12:44:36,310 "POST /api/v1/token/refresh/ HTTP/1.1" 200 865
INFO 2023-08-03 12:44:37,073 "GET /api/v1/users/1/ HTTP/1.1" 200 385
INFO 2023-08-03 12:44:37,105 "GET /api/v1/companies/?type=clinic HTTP/1.1" 200 2746
INFO 2023-08-03 12:44:37,283 "GET /api/v1/service_roots/ HTTP/1.1" 200 6070
INFO 2023-08-03 12:44:37,314 "GET /api/v1/affiliations/?company__isnull=true HTTP/1.1" 200 4943
INFO 2023-08-03 12:44:37,336 "GET /api/v1/companies/?type=insurance&_include_roles=true HTTP/1.1" 200 2499
INFO 2023-08-03 12:44:37,351 "GET /api/v1/operators/ HTTP/1.1" 200 1602
INFO 2023-08-03 12:44:38,499 "GET /api/v1/events/interpretation/?payer_company_type=insurance&_include_booking=true HTTP/1.1" 200 78145
INFO 2023-08-03 12:47:36,142 "POST /api/v1/token/refresh/ HTTP/1.1" 200 865
INFO 2023-08-03 12:47:36,942 "GET /api/v1/companies/?type=clinic HTTP/1.1" 200 2746
INFO 2023-08-03 12:47:36,965 "GET /api/v1/operators/ HTTP/1.1" 200 1602
INFO 2023-08-03 12:47:37,062 "GET /api/v1/service_roots/ HTTP/1.1" 200 6070
INFO 2023-08-03 12:47:37,102 "GET /api/v1/affiliations/?company__isnull=true HTTP/1.1" 200 4943
INFO 2023-08-03 12:47:37,126 "GET /api/v1/companies/?type=insurance&_include_roles=true HTTP/1.1" 200 2499
INFO 2023-08-03 12:47:37,126 "GET /api/v1/users/1/ HTTP/1.1" 200 385
INFO 2023-08-03 12:47:37,992 "GET /api/v1/events/interpretation/?payer_company_type=insurance&_include_booking=true HTTP/1.1" 200 78145
INFO 2023-08-03 12:47:53,228 "GET /api/v1/users/1/ HTTP/1.1" 200 385
INFO 2023-08-03 12:47:53,377 "GET /api/v1/companies/?type=clinic HTTP/1.1" 200 2746
INFO 2023-08-03 12:47:53,432 "GET /api/v1/operators/ HTTP/1.1" 200 1602
INFO 2023-08-03 12:47:53,476 "GET /api/v1/affiliations/?company__isnull=true HTTP/1.1" 200 4943
INFO 2023-08-03 12:47:53,553 "GET /api/v1/companies/?type=insurance&_include_roles=true HTTP/1.1" 200 2499
INFO 2023-08-03 12:47:53,579 "GET /api/v1/service_roots/ HTTP/1.1" 200 6070
INFO 2023-08-03 12:47:54,692 "GET /api/v1/events/interpretation/?payer_company_type=insurance&_include_booking=true HTTP/1.1" 200 78145
INFO 2023-08-03 12:48:29,112 "GET /api/v1/users/1/ HTTP/1.1" 200 385
INFO 2023-08-03 12:48:29,190 "GET /api/v1/companies/?type=clinic HTTP/1.1" 200 2746
INFO 2023-08-03 12:48:29,304 "GET /api/v1/affiliations/?company__isnull=true HTTP/1.1" 200 4943
INFO 2023-08-03 12:48:29,324 "GET /api/v1/service_roots/ HTTP/1.1" 200 6070
INFO 2023-08-03 12:48:29,691 "GET /api/v1/companies/?type=insurance&_include_roles=true HTTP/1.1" 200 2499
INFO 2023-08-03 12:48:29,983 "GET /api/v1/operators/ HTTP/1.1" 200 1602
INFO 2023-08-03 12:48:30,975 "GET /api/v1/events/interpretation/?payer_company_type=insurance&_include_booking=true HTTP/1.1" 200 78145
INFO 2023-08-03 12:48:34,761 "GET /api/v1/users/1/ HTTP/1.1" 200 385
INFO 2023-08-03 12:48:34,857 "GET /api/v1/operators/ HTTP/1.1" 200 1602
INFO 2023-08-03 12:48:34,860 "GET /api/v1/companies/?type=clinic HTTP/1.1" 200 2746
INFO 2023-08-03 12:48:34,970 "GET /api/v1/affiliations/?company__isnull=true HTTP/1.1" 200 4943
INFO 2023-08-03 12:48:35,014 "GET /api/v1/companies/?type=insurance&_include_roles=true HTTP/1.1" 200 2499
INFO 2023-08-03 12:48:35,035 "GET /api/v1/service_roots/ HTTP/1.1" 200 6070
INFO 2023-08-03 12:48:36,322 "POST /api/v1/token/refresh/ HTTP/1.1" 200 865
INFO 2023-08-03 12:48:36,463 "GET /api/v1/events/interpretation/?payer_company_type=insurance&_include_booking=true HTTP/1.1" 200 78145
INFO 2023-08-03 12:48:37,064 "GET /api/v1/users/1/ HTTP/1.1" 200 385
INFO 2023-08-03 12:48:37,067 "GET /api/v1/companies/?type=clinic HTTP/1.1" 200 2746
INFO 2023-08-03 12:48:37,085 "GET /api/v1/operators/ HTTP/1.1" 200 1602
INFO 2023-08-03 12:48:37,164 "GET /api/v1/service_roots/ HTTP/1.1" 200 6070
INFO 2023-08-03 12:48:37,179 "GET /api/v1/affiliations/?company__isnull=true HTTP/1.1" 200 4943
INFO 2023-08-03 12:48:37,242 "GET /api/v1/companies/?type=insurance&_include_roles=true HTTP/1.1" 200 2499
INFO 2023-08-03 12:49:16,706 "GET /api/v1/users/1/ HTTP/1.1" 200 385
INFO 2023-08-03 12:49:16,776 "GET /api/v1/companies/?type=clinic HTTP/1.1" 200 2746
INFO 2023-08-03 12:49:16,822 "GET /api/v1/operators/ HTTP/1.1" 200 1602
INFO 2023-08-03 12:49:16,875 "GET /api/v1/affiliations/?company__isnull=true HTTP/1.1" 200 4943
INFO 2023-08-03 12:49:16,947 "GET /api/v1/companies/?type=insurance&_include_roles=true HTTP/1.1" 200 2499
INFO 2023-08-03 12:49:17,012 "GET /api/v1/service_roots/ HTTP/1.1" 200 6070
INFO 2023-08-03 12:49:17,939 "GET /api/v1/events/interpretation/?payer_company_type=insurance&_include_booking=true HTTP/1.1" 200 78145
INFO 2023-08-03 12:49:18,923 "GET /api/v1/users/1/ HTTP/1.1" 200 385
INFO 2023-08-03 12:49:19,027 "GET /api/v1/companies/?type=clinic HTTP/1.1" 200 2746
INFO 2023-08-03 12:49:19,098 "GET /api/v1/service_roots/ HTTP/1.1" 200 6070
INFO 2023-08-03 12:49:19,136 "GET /api/v1/affiliations/?company__isnull=true HTTP/1.1" 200 4943
INFO 2023-08-03 12:49:19,139 "GET /api/v1/operators/ HTTP/1.1" 200 1602
INFO 2023-08-03 12:49:19,256 "GET /api/v1/companies/?type=insurance&_include_roles=true HTTP/1.1" 200 2499
INFO 2023-08-03 12:49:20,025 "GET /api/v1/events/interpretation/?payer_company_type=insurance&_include_booking=true HTTP/1.1" 200 78145
INFO 2023-08-03 13:29:50,664 "POST /api/v1/token/refresh/ HTTP/1.1" 200 865
INFO 2023-08-03 13:29:51,215 "GET /api/v1/companies/?type=clinic HTTP/1.1" 200 2746
INFO 2023-08-03 13:29:51,216 "GET /api/v1/operators/ HTTP/1.1" 200 1602
INFO 2023-08-03 13:29:51,347 "GET /api/v1/affiliations/?company__isnull=true HTTP/1.1" 200 4943
INFO 2023-08-03 13:29:51,362 "GET /api/v1/service_roots/ HTTP/1.1" 200 6070
INFO 2023-08-03 13:29:51,376 "GET /api/v1/users/1/ HTTP/1.1" 200 385
INFO 2023-08-03 13:29:51,426 "GET /api/v1/companies/?type=insurance&_include_roles=true HTTP/1.1" 200 2499
INFO 2023-08-03 13:29:52,389 "GET /api/v1/events/interpretation/?payer_company_type=insurance&_include_booking=true HTTP/1.1" 200 78145
INFO 2023-08-03 13:34:19,460 "POST /api/v1/token/refresh/ HTTP/1.1" 200 865
INFO 2023-08-03 13:34:20,077 "GET /api/v1/companies/?type=clinic HTTP/1.1" 200 2746
INFO 2023-08-03 13:34:20,156 "GET /api/v1/operators/ HTTP/1.1" 200 1602
INFO 2023-08-03 13:34:20,234 "GET /api/v1/affiliations/?company__isnull=true HTTP/1.1" 200 4943
INFO 2023-08-03 13:34:20,242 "GET /api/v1/users/1/ HTTP/1.1" 200 385
INFO 2023-08-03 13:34:20,273 "GET /api/v1/service_roots/ HTTP/1.1" 200 6070
INFO 2023-08-03 13:34:20,293 "GET /api/v1/companies/?type=insurance&_include_roles=true HTTP/1.1" 200 2499
INFO 2023-08-03 13:34:21,251 "GET /api/v1/events/interpretation/?payer_company_type=insurance&_include_booking=true HTTP/1.1" 200 78145
INFO 2023-08-03 13:36:52,159 "POST /api/v1/token/refresh/ HTTP/1.1" 200 865
INFO 2023-08-03 13:36:52,823 "GET /api/v1/companies/?type=clinic HTTP/1.1" 200 2746
INFO 2023-08-03 13:36:52,889 "GET /api/v1/operators/ HTTP/1.1" 200 1602
INFO 2023-08-03 13:36:52,976 "GET /api/v1/service_roots/ HTTP/1.1" 200 6070
INFO 2023-08-03 13:36:52,976 "GET /api/v1/affiliations/?company__isnull=true HTTP/1.1" 200 4943
INFO 2023-08-03 13:36:53,048 "GET /api/v1/companies/?type=insurance&_include_roles=true HTTP/1.1" 200 2499
INFO 2023-08-03 13:36:53,065 "GET /api/v1/users/1/ HTTP/1.1" 200 385
INFO 2023-08-03 13:36:53,768 "GET /api/v1/events/interpretation/?payer_company_type=insurance&_include_booking=true HTTP/1.1" 200 78145
INFO 2023-08-03 14:27:26,580 "POST /api/v1/token/refresh/ HTTP/1.1" 200 865
INFO 2023-08-03 14:27:27,152 "GET /api/v1/companies/?type=clinic HTTP/1.1" 200 2746
INFO 2023-08-03 14:27:27,157 "GET /api/v1/users/1/ HTTP/1.1" 200 385
INFO 2023-08-03 14:27:27,223 "GET /api/v1/operators/ HTTP/1.1" 200 1602
INFO 2023-08-03 14:27:27,265 "GET /api/v1/affiliations/?company__isnull=true HTTP/1.1" 200 4943
INFO 2023-08-03 14:27:27,329 "GET /api/v1/companies/?type=insurance&_include_roles=true HTTP/1.1" 200 2499
INFO 2023-08-03 14:27:27,407 "GET /api/v1/service_roots/ HTTP/1.1" 200 6070
INFO 2023-08-03 14:27:28,681 "GET /api/v1/events/interpretation/?payer_company_type=insurance&_include_booking=true HTTP/1.1" 200 78145
INFO 2023-08-03 14:28:31,596 "POST /api/v1/token/refresh/ HTTP/1.1" 200 865
INFO 2023-08-03 14:28:31,982 "GET /api/v1/affiliations/?company__isnull=true HTTP/1.1" 200 4943
INFO 2023-08-03 15:01:33,373 "OPTIONS /api/v1/token/refresh/ HTTP/1.1" 200 0
INFO 2023-08-03 15:01:33,556 "POST /api/v1/token/refresh/ HTTP/1.1" 200 865
INFO 2023-08-03 15:01:33,794 "OPTIONS /api/v1/affiliations/?company__isnull=true HTTP/1.1" 200 0
INFO 2023-08-03 15:01:33,943 "GET /api/v1/affiliations/?company__isnull=true HTTP/1.1" 200 4943
INFO 2023-08-03 15:03:23,422 "POST /api/v1/token/refresh/ HTTP/1.1" 200 865
INFO 2023-08-03 15:03:24,123 "GET /api/v1/affiliations/?company__isnull=true HTTP/1.1" 200 4943
INFO 2023-08-03 15:07:06,497 "POST /api/v1/token/refresh/ HTTP/1.1" 200 865
INFO 2023-08-03 15:07:06,995 "GET /api/v1/affiliations/?company__isnull=true HTTP/1.1" 200 4943
INFO 2023-08-03 15:07:25,086 "GET /api/v1/affiliations/?company__isnull=true HTTP/1.1" 200 4943
INFO 2023-08-03 15:08:13,419 "POST /api/v1/token/refresh/ HTTP/1.1" 200 865
INFO 2023-08-03 15:08:13,907 "GET /api/v1/affiliations/?company__isnull=true HTTP/1.1" 200 4943
INFO 2023-08-03 15:13:11,602 "POST /api/v1/token/refresh/ HTTP/1.1" 200 865
INFO 2023-08-03 15:13:12,055 "GET /api/v1/affiliations/?company__isnull=true HTTP/1.1" 200 4943
INFO 2023-08-03 15:15:08,984 "POST /api/v1/token/refresh/ HTTP/1.1" 200 865
INFO 2023-08-03 15:15:09,314 "OPTIONS /api/v1/companies/?type=clinic HTTP/1.1" 200 0
INFO 2023-08-03 15:15:09,318 "OPTIONS /api/v1/companies/?type=insurance&_include_roles=true HTTP/1.1" 200 0
INFO 2023-08-03 15:15:09,324 "OPTIONS /api/v1/events/interpretation/?payer_company_type=insurance&_include_booking=true HTTP/1.1" 200 0
INFO 2023-08-03 15:15:09,332 "OPTIONS /api/v1/operators/ HTTP/1.1" 200 0
INFO 2023-08-03 15:15:09,338 "OPTIONS /api/v1/service_roots/ HTTP/1.1" 200 0
INFO 2023-08-03 15:15:09,352 "OPTIONS /api/v1/users/1/ HTTP/1.1" 200 0
INFO 2023-08-03 15:15:09,673 "GET /api/v1/companies/?type=clinic HTTP/1.1" 200 2746
INFO 2023-08-03 15:15:09,711 "GET /api/v1/affiliations/?company__isnull=true HTTP/1.1" 200 4943
INFO 2023-08-03 15:15:09,735 "GET /api/v1/operators/ HTTP/1.1" 200 1602
INFO 2023-08-03 15:15:09,844 "GET /api/v1/users/1/ HTTP/1.1" 200 385
INFO 2023-08-03 15:15:09,870 "GET /api/v1/service_roots/ HTTP/1.1" 200 6070
INFO 2023-08-03 15:15:09,899 "GET /api/v1/companies/?type=insurance&_include_roles=true HTTP/1.1" 200 2499
INFO 2023-08-03 15:15:10,803 "GET /api/v1/events/interpretation/?payer_company_type=insurance&_include_booking=true HTTP/1.1" 200 78145
INFO 2023-08-03 15:15:19,834 "GET /api/v1/users/1/ HTTP/1.1" 200 385
INFO 2023-08-03 15:15:19,899 "GET /api/v1/companies/?type=clinic HTTP/1.1" 200 2746
INFO 2023-08-03 15:15:19,966 "GET /api/v1/operators/ HTTP/1.1" 200 1602
INFO 2023-08-03 15:15:20,350 "GET /api/v1/affiliations/?company__isnull=true HTTP/1.1" 200 4943
INFO 2023-08-03 15:15:20,450 "GET /api/v1/companies/?type=insurance&_include_roles=true HTTP/1.1" 200 2499
INFO 2023-08-03 15:15:20,478 "GET /api/v1/service_roots/ HTTP/1.1" 200 6070
INFO 2023-08-03 15:15:21,355 "GET /api/v1/events/interpretation/?payer_company_type=insurance&_include_booking=true HTTP/1.1" 200 78145
INFO 2023-08-03 15:15:23,687 "GET /api/v1/users/1/ HTTP/1.1" 200 385
INFO 2023-08-03 15:15:23,877 "GET /api/v1/companies/?type=clinic HTTP/1.1" 200 2746
INFO 2023-08-03 15:15:23,890 "GET /api/v1/operators/ HTTP/1.1" 200 1602
INFO 2023-08-03 15:15:23,926 "GET /api/v1/affiliations/?company__isnull=true HTTP/1.1" 200 4943
INFO 2023-08-03 15:15:24,019 "GET /api/v1/service_roots/ HTTP/1.1" 200 6070
INFO 2023-08-03 15:15:24,023 "GET /api/v1/companies/?type=insurance&_include_roles=true HTTP/1.1" 200 2499
INFO 2023-08-03 15:15:24,982 "GET /api/v1/events/interpretation/?payer_company_type=insurance&_include_booking=true HTTP/1.1" 200 78145
INFO 2023-08-03 15:15:26,677 "GET /api/v1/users/1/ HTTP/1.1" 200 385
INFO 2023-08-03 15:15:26,761 "GET /api/v1/companies/?type=clinic HTTP/1.1" 200 2746
INFO 2023-08-03 15:15:26,829 "GET /api/v1/service_roots/ HTTP/1.1" 200 6070
INFO 2023-08-03 15:15:26,849 "GET /api/v1/affiliations/?company__isnull=true HTTP/1.1" 200 4943
INFO 2023-08-03 15:15:26,898 "GET /api/v1/operators/ HTTP/1.1" 200 1602
INFO 2023-08-03 15:15:26,912 "GET /api/v1/companies/?type=insurance&_include_roles=true HTTP/1.1" 200 2499
INFO 2023-08-03 15:15:27,692 "GET /api/v1/events/interpretation/?payer_company_type=insurance&_include_booking=true HTTP/1.1" 200 78145
INFO 2023-08-03 15:15:35,721 "GET /api/v1/users/1/ HTTP/1.1" 200 385
INFO 2023-08-03 15:15:35,928 "GET /api/v1/companies/?type=clinic HTTP/1.1" 200 2746
INFO 2023-08-03 15:15:36,006 "GET /api/v1/operators/ HTTP/1.1" 200 1602
INFO 2023-08-03 15:15:36,031 "GET /api/v1/service_roots/ HTTP/1.1" 200 6070
INFO 2023-08-03 15:15:36,041 "GET /api/v1/affiliations/?company__isnull=true HTTP/1.1" 200 4943
INFO 2023-08-03 15:15:36,116 "GET /api/v1/companies/?type=insurance&_include_roles=true HTTP/1.1" 200 2499
INFO 2023-08-03 15:15:37,255 "GET /api/v1/users/1/ HTTP/1.1" 200 385
INFO 2023-08-03 15:15:37,268 "GET /api/v1/companies/?type=clinic HTTP/1.1" 200 2746
INFO 2023-08-03 15:15:37,435 "GET /api/v1/service_roots/ HTTP/1.1" 200 6070
INFO 2023-08-03 15:15:37,490 "GET /api/v1/affiliations/?company__isnull=true HTTP/1.1" 200 4943
INFO 2023-08-03 15:15:37,509 "GET /api/v1/operators/ HTTP/1.1" 200 1602
INFO 2023-08-03 15:15:37,514 "GET /api/v1/companies/?type=insurance&_include_roles=true HTTP/1.1" 200 2499
INFO 2023-08-03 15:15:37,643 "GET /api/v1/events/interpretation/?payer_company_type=insurance&_include_booking=true HTTP/1.1" 200 78145
INFO 2023-08-03 15:16:37,694 "POST /api/v1/token/refresh/ HTTP/1.1" 200 865
INFO 2023-08-03 15:16:38,839 "GET /api/v1/affiliations/?company__isnull=true HTTP/1.1" 200 4943
INFO 2023-08-03 15:16:48,588 "GET /api/v1/affiliations/?company__isnull=true HTTP/1.1" 200 4943
INFO 2023-08-03 15:49:14,798 "POST /api/v1/token/refresh/ HTTP/1.1" 200 865
INFO 2023-08-03 15:49:14,852 "OPTIONS /api/v1/categories/ HTTP/1.1" 200 0
INFO 2023-08-03 15:49:14,928 "GET /api/v1/categories/ HTTP/1.1" 200 476
INFO 2023-08-03 15:49:15,210 "OPTIONS /api/v1/events/interpretation/?_include_booking=true HTTP/1.1" 200 0
INFO 2023-08-03 15:49:16,842 "GET /api/v1/events/interpretation/?_include_booking=true HTTP/1.1" 200 137153
INFO 2023-08-03 15:58:25,793 "POST /api/v1/token/refresh/ HTTP/1.1" 200 865
INFO 2023-08-03 15:58:26,333 "GET /api/v1/companies/?type=clinic HTTP/1.1" 200 2746
INFO 2023-08-03 15:58:26,414 "GET /api/v1/operators/ HTTP/1.1" 200 1602
INFO 2023-08-03 15:58:26,491 "GET /api/v1/service_roots/ HTTP/1.1" 200 6070
INFO 2023-08-03 15:58:26,494 "GET /api/v1/users/1/ HTTP/1.1" 200 385
INFO 2023-08-03 15:58:26,515 "GET /api/v1/affiliations/?company__isnull=true HTTP/1.1" 200 4943
INFO 2023-08-03 15:58:26,528 "GET /api/v1/companies/?type=insurance&_include_roles=true HTTP/1.1" 200 2499
INFO 2023-08-03 15:58:27,412 "GET /api/v1/events/interpretation/?payer_company_type=insurance&_include_booking=true HTTP/1.1" 200 78145
INFO 2023-08-03 16:04:00,866 "POST /api/v1/token/refresh/ HTTP/1.1" 200 865
INFO 2023-08-03 16:04:02,851 "GET /api/v1/operators/ HTTP/1.1" 200 1602
INFO 2023-08-03 16:04:02,988 "GET /api/v1/companies/?type=clinic HTTP/1.1" 200 2746
INFO 2023-08-03 16:04:03,138 "GET /api/v1/affiliations/?company__isnull=true HTTP/1.1" 200 4943
INFO 2023-08-03 16:04:03,139 "GET /api/v1/service_roots/ HTTP/1.1" 200 6070
INFO 2023-08-03 16:04:03,269 "GET /api/v1/users/1/ HTTP/1.1" 200 385
INFO 2023-08-03 16:04:03,302 "GET /api/v1/companies/?type=insurance&_include_roles=true HTTP/1.1" 200 2499
INFO 2023-08-03 16:04:05,289 "GET /api/v1/events/interpretation/?payer_company_type=insurance&_include_booking=true HTTP/1.1" 200 78145
INFO 2023-08-03 16:04:49,284 "GET /api/v1/users/1/ HTTP/1.1" 200 385
INFO 2023-08-03 16:04:49,410 "GET /api/v1/companies/?type=clinic HTTP/1.1" 200 2746
INFO 2023-08-03 16:04:49,517 "GET /api/v1/service_roots/ HTTP/1.1" 200 6070
INFO 2023-08-03 16:04:49,535 "GET /api/v1/affiliations/?company__isnull=true HTTP/1.1" 200 4943
INFO 2023-08-03 16:04:49,566 "GET /api/v1/operators/ HTTP/1.1" 200 1602
INFO 2023-08-03 16:04:49,610 "GET /api/v1/companies/?type=insurance&_include_roles=true HTTP/1.1" 200 2499
INFO 2023-08-03 16:04:50,858 "GET /api/v1/events/interpretation/?payer_company_type=insurance&_include_booking=true HTTP/1.1" 200 78145
INFO 2023-08-03 16:04:56,723 "GET /api/v1/users/1/ HTTP/1.1" 200 385
INFO 2023-08-03 16:04:56,884 "GET /api/v1/companies/?type=clinic HTTP/1.1" 200 2746
INFO 2023-08-03 16:04:56,982 "GET /api/v1/service_roots/ HTTP/1.1" 200 6070
INFO 2023-08-03 16:04:57,017 "GET /api/v1/affiliations/?company__isnull=true HTTP/1.1" 200 4943
INFO 2023-08-03 16:04:57,059 "GET /api/v1/operators/ HTTP/1.1" 200 1602
INFO 2023-08-03 16:04:57,127 "GET /api/v1/companies/?type=insurance&_include_roles=true HTTP/1.1" 200 2499
INFO 2023-08-03 16:04:58,616 "GET /api/v1/events/interpretation/?payer_company_type=insurance&_include_booking=true HTTP/1.1" 200 78145
INFO 2023-08-03 16:04:59,093 "GET /api/v1/users/1/ HTTP/1.1" 200 385
INFO 2023-08-03 16:04:59,267 "GET /api/v1/companies/?type=clinic HTTP/1.1" 200 2746
INFO 2023-08-03 16:04:59,404 "GET /api/v1/operators/ HTTP/1.1" 200 1602
INFO 2023-08-03 16:04:59,408 "GET /api/v1/service_roots/ HTTP/1.1" 200 6070
INFO 2023-08-03 16:04:59,421 "GET /api/v1/affiliations/?company__isnull=true HTTP/1.1" 200 4943
INFO 2023-08-03 16:04:59,486 "GET /api/v1/companies/?type=insurance&_include_roles=true HTTP/1.1" 200 2499
INFO 2023-08-03 16:05:00,859 "GET /api/v1/events/interpretation/?payer_company_type=insurance&_include_booking=true HTTP/1.1" 200 78145
INFO 2023-08-03 16:05:11,657 "POST /api/v1/token/refresh/ HTTP/1.1" 200 865
INFO 2023-08-03 16:05:12,513 "GET /api/v1/companies/?type=clinic HTTP/1.1" 200 2746
INFO 2023-08-03 16:05:12,723 "GET /api/v1/affiliations/?company__isnull=true HTTP/1.1" 200 4943
INFO 2023-08-03 16:05:12,836 "GET /api/v1/operators/ HTTP/1.1" 200 1602
INFO 2023-08-03 16:05:12,838 "GET /api/v1/users/1/ HTTP/1.1" 200 385
INFO 2023-08-03 16:05:12,839 "GET /api/v1/service_roots/ HTTP/1.1" 200 6070
INFO 2023-08-03 16:05:12,934 "GET /api/v1/companies/?type=insurance&_include_roles=true HTTP/1.1" 200 2499
INFO 2023-08-03 16:05:14,198 "GET /api/v1/events/interpretation/?payer_company_type=insurance&_include_booking=true HTTP/1.1" 200 78145
INFO 2023-08-03 16:11:11,885 "POST /api/v1/token/refresh/ HTTP/1.1" 200 865
INFO 2023-08-03 16:11:12,576 "GET /api/v1/companies/?type=clinic HTTP/1.1" 200 2746
INFO 2023-08-03 16:11:12,620 "GET /api/v1/operators/ HTTP/1.1" 200 1602
INFO 2023-08-03 16:11:12,837 "GET /api/v1/users/1/ HTTP/1.1" 200 385
INFO 2023-08-03 16:11:12,841 "GET /api/v1/service_roots/ HTTP/1.1" 200 6070
INFO 2023-08-03 16:11:12,844 "GET /api/v1/affiliations/?company__isnull=true HTTP/1.1" 200 4943
INFO 2023-08-03 16:11:12,875 "GET /api/v1/companies/?type=insurance&_include_roles=true HTTP/1.1" 200 2499
INFO 2023-08-03 16:11:13,694 "GET /api/v1/events/interpretation/?payer_company_type=insurance&_include_booking=true HTTP/1.1" 200 78145
INFO 2023-08-03 16:11:18,127 "GET /api/v1/companies/?type=clinic HTTP/1.1" 200 2746
INFO 2023-08-03 16:11:18,300 "GET /api/v1/companies/?type=insurance&_include_roles=true HTTP/1.1" 200 2499
INFO 2023-08-03 16:11:18,426 "GET /api/v1/users/1/ HTTP/1.1" 200 385
INFO 2023-08-03 16:11:18,570 "GET /api/v1/operators/ HTTP/1.1" 200 1602
INFO 2023-08-03 16:11:18,613 "GET /api/v1/affiliations/?company__isnull=true HTTP/1.1" 200 4943
INFO 2023-08-03 16:11:18,668 "GET /api/v1/service_roots/ HTTP/1.1" 200 6070
INFO 2023-08-03 16:11:19,871 "GET /api/v1/events/interpretation/?payer_company_type=insurance&_include_booking=true HTTP/1.1" 200 78145
INFO 2023-08-03 16:11:21,684 "GET /api/v1/users/1/ HTTP/1.1" 200 385
INFO 2023-08-03 16:11:21,750 "GET /api/v1/companies/?type=clinic HTTP/1.1" 200 2746
INFO 2023-08-03 16:11:21,836 "GET /api/v1/service_roots/ HTTP/1.1" 200 6070
INFO 2023-08-03 16:11:21,868 "GET /api/v1/affiliations/?company__isnull=true HTTP/1.1" 200 4943
INFO 2023-08-03 16:11:21,911 "GET /api/v1/operators/ HTTP/1.1" 200 1602
INFO 2023-08-03 16:11:21,935 "GET /api/v1/companies/?type=insurance&_include_roles=true HTTP/1.1" 200 2499
INFO 2023-08-03 16:11:22,928 "GET /api/v1/events/interpretation/?payer_company_type=insurance&_include_booking=true HTTP/1.1" 200 78145
INFO 2023-08-03 16:12:33,513 "POST /api/v1/token/refresh/ HTTP/1.1" 200 865
INFO 2023-08-03 16:12:34,052 "GET /api/v1/companies/?type=clinic HTTP/1.1" 200 2746
INFO 2023-08-03 16:12:34,126 "GET /api/v1/operators/ HTTP/1.1" 200 1602
INFO 2023-08-03 16:12:34,170 "GET /api/v1/service_roots/ HTTP/1.1" 200 6070
INFO 2023-08-03 16:12:34,180 "GET /api/v1/affiliations/?company__isnull=true HTTP/1.1" 200 4943
INFO 2023-08-03 16:12:34,183 "GET /api/v1/users/1/ HTTP/1.1" 200 385
INFO 2023-08-03 16:12:34,251 "GET /api/v1/companies/?type=insurance&_include_roles=true HTTP/1.1" 200 2499
INFO 2023-08-03 16:12:35,316 "GET /api/v1/events/interpretation/?payer_company_type=insurance&_include_booking=true HTTP/1.1" 200 78145
INFO 2023-08-03 17:40:13,135 "OPTIONS /api/v1/token/refresh/ HTTP/1.1" 200 0
INFO 2023-08-03 17:40:13,392 "POST /api/v1/token/refresh/ HTTP/1.1" 200 865
INFO 2023-08-03 17:40:13,697 "OPTIONS /api/v1/affiliations/?company__isnull=true HTTP/1.1" 200 0
INFO 2023-08-03 17:40:13,701 "OPTIONS /api/v1/companies/?type=clinic HTTP/1.1" 200 0
INFO 2023-08-03 17:40:13,706 "OPTIONS /api/v1/companies/?type=insurance&_include_roles=true HTTP/1.1" 200 0
INFO 2023-08-03 17:40:13,724 "OPTIONS /api/v1/events/interpretation/?payer_company_type=insurance&_include_booking=true HTTP/1.1" 200 0
INFO 2023-08-03 17:40:13,725 "OPTIONS /api/v1/operators/ HTTP/1.1" 200 0
INFO 2023-08-03 17:40:13,739 "OPTIONS /api/v1/service_roots/ HTTP/1.1" 200 0
INFO 2023-08-03 17:40:13,741 "OPTIONS /api/v1/users/1/ HTTP/1.1" 200 0
INFO 2023-08-03 17:40:14,031 "GET /api/v1/companies/?type=clinic HTTP/1.1" 200 2746
INFO 2023-08-03 17:40:14,068 "GET /api/v1/operators/ HTTP/1.1" 200 1602
INFO 2023-08-03 17:40:14,149 "GET /api/v1/service_roots/ HTTP/1.1" 200 6070
INFO 2023-08-03 17:40:14,149 "GET /api/v1/affiliations/?company__isnull=true HTTP/1.1" 200 4943
INFO 2023-08-03 17:40:14,172 "GET /api/v1/users/1/ HTTP/1.1" 200 385
INFO 2023-08-03 17:40:14,191 "GET /api/v1/companies/?type=insurance&_include_roles=true HTTP/1.1" 200 2499
INFO 2023-08-03 17:40:14,884 "GET /api/v1/events/interpretation/?payer_company_type=insurance&_include_booking=true HTTP/1.1" 200 78145
INFO 2023-08-04 11:47:59,202 Watching for file changes with StatReloader
INFO 2023-08-04 11:49:17,025 "OPTIONS /api/v1/token/refresh/ HTTP/1.1" 200 0
INFO 2023-08-04 11:49:17,070 "GET /api/v1/version/ HTTP/1.1" 200 5
INFO 2023-08-04 11:49:17,253 "POST /api/v1/token/refresh/ HTTP/1.1" 200 865
INFO 2023-08-04 11:49:17,312 "OPTIONS /api/v1/users/1/ HTTP/1.1" 200 0
INFO 2023-08-04 11:49:17,442 "GET /api/v1/users/1/ HTTP/1.1" 200 385
INFO 2023-08-04 11:50:46,953 "POST /api/v1/token/refresh/ HTTP/1.1" 200 865
INFO 2023-08-04 11:50:47,544 "OPTIONS /api/v1/affiliations/?company__isnull=true HTTP/1.1" 200 0
INFO 2023-08-04 11:50:47,548 "OPTIONS /api/v1/companies/?type=insurance&_include_roles=true HTTP/1.1" 200 0
INFO 2023-08-04 11:50:47,549 "OPTIONS /api/v1/companies/?type=clinic HTTP/1.1" 200 0
INFO 2023-08-04 11:50:47,553 "OPTIONS /api/v1/service_roots/ HTTP/1.1" 200 0
INFO 2023-08-04 11:50:47,554 "OPTIONS /api/v1/events/interpretation/?payer_company_type=insurance&_include_booking=true HTTP/1.1" 200 0
INFO 2023-08-04 11:50:47,554 "OPTIONS /api/v1/operators/ HTTP/1.1" 200 0
INFO 2023-08-04 11:50:48,245 "GET /api/v1/users/1/ HTTP/1.1" 200 385
INFO 2023-08-04 11:50:48,365 "GET /api/v1/service_roots/ HTTP/1.1" 200 6070
INFO 2023-08-04 11:50:48,375 "GET /api/v1/affiliations/?company__isnull=true HTTP/1.1" 200 4943
INFO 2023-08-04 11:50:48,469 "GET /api/v1/companies/?type=insurance&_include_roles=true HTTP/1.1" 200 2499
INFO 2023-08-04 11:50:48,473 "GET /api/v1/companies/?type=clinic HTTP/1.1" 200 2746
INFO 2023-08-04 11:50:48,500 "GET /api/v1/operators/ HTTP/1.1" 200 1602
INFO 2023-08-04 11:50:49,885 "GET /api/v1/events/interpretation/?payer_company_type=insurance&_include_booking=true HTTP/1.1" 200 78145
INFO 2023-08-04 11:53:13,141 C:\Users\manch\Programming\rcore-be\core_backend\serializers\serializers_create.py changed, reloading.
INFO 2023-08-04 11:53:14,331 Watching for file changes with StatReloader
INFO 2023-08-04 11:53:26,406 C:\Users\manch\Programming\rcore-be\core_backend\serializers\serializers_create.py changed, reloading.
INFO 2023-08-04 11:53:27,372 Watching for file changes with StatReloader
